[2024-05-19 20:12:26,669: INFO: main: Welcome to our Custom log]
[2024-05-19 20:14:54,795: INFO: main: Welcome to our Custom log]
[2024-05-19 20:15:12,572: INFO: main: Welcome to our Custom log]
[2024-05-30 19:38:39,314: INFO: common: yaml file: config\config.yaml loaded successfully]
[2024-05-30 19:38:39,330: INFO: common: yaml file: params.yaml loaded successfully]
[2024-05-30 19:38:39,334: INFO: common: created directory at: artifacts]
[2024-05-30 19:52:58,390: INFO: common: yaml file: config\config.yaml loaded successfully]
[2024-05-30 19:52:58,393: INFO: common: yaml file: params.yaml loaded successfully]
[2024-05-30 19:52:58,395: INFO: common: created directory at: artifacts]
[2024-05-30 19:53:04,073: INFO: common: yaml file: config\config.yaml loaded successfully]
[2024-05-30 19:53:04,076: INFO: common: yaml file: params.yaml loaded successfully]
[2024-05-30 19:53:04,077: INFO: common: created directory at: artifacts]
[2024-05-30 20:07:06,735: INFO: common: yaml file: config\config.yaml loaded successfully]
[2024-05-30 20:07:06,738: INFO: common: yaml file: params.yaml loaded successfully]
[2024-05-30 20:07:06,740: INFO: common: created directory at: artifacts]
[2024-05-30 21:25:52,168: INFO: common: yaml file: config\config.yaml loaded successfully]
[2024-05-30 21:25:52,174: INFO: common: yaml file: params.yaml loaded successfully]
[2024-05-30 21:25:52,177: INFO: common: created directory at: artifacts]
[2024-05-30 21:25:52,178: INFO: common: created directory at: artifacts/data_ingestion]
[2024-05-30 21:25:52,180: INFO: 3172177572: Downloading data from https://drive.google.com/file/d/1tmLo5gb1PooR21OWqOuK8mxEWjIdO3GB/view?usp=sharing into file artifacts/data_ingestion/data.zip]
[2024-05-30 21:39:37,271: INFO: common: yaml file: config\config.yaml loaded successfully]
[2024-05-30 21:39:37,275: INFO: common: yaml file: params.yaml loaded successfully]
[2024-05-30 21:39:37,276: INFO: common: created directory at: artifacts]
[2024-05-30 21:39:37,279: INFO: common: created directory at: artifacts/data_ingestion]
[2024-05-30 21:39:37,281: INFO: 1334294821: Downloading dataset from https://drive.google.com/file/d/1tmLo5gb1PooR21OWqOuK8mxEWjIdO3GB/view?usp=sharing into file artifacts/data_ingestion/data.zip]
[2024-05-30 21:40:22,117: INFO: 1334294821: Downloaded the data from https://drive.google.com/file/d/1tmLo5gb1PooR21OWqOuK8mxEWjIdO3GB/view?usp=sharing to file artifacts/data_ingestion/data.zip]
[2024-05-30 22:29:21,456: INFO: main: >>>>>> Stage DATA_INGESTION_STAGE started <<<<<<]
[2024-05-30 22:29:21,465: INFO: common: yaml file: config\config.yaml loaded successfully]
[2024-05-30 22:29:21,468: INFO: common: yaml file: params.yaml loaded successfully]
[2024-05-30 22:29:21,469: INFO: common: created directory at: artifacts]
[2024-05-30 22:29:21,470: INFO: common: created directory at: artifacts/data_ingestion]
[2024-05-30 22:29:21,470: INFO: data_ingestion: Downloading dataset from https://drive.google.com/file/d/1tmLo5gb1PooR21OWqOuK8mxEWjIdO3GB/view?usp=sharing into file artifacts/data_ingestion/data.zip]
[2024-05-30 22:29:57,350: INFO: data_ingestion: Downloaded the data from https://drive.google.com/file/d/1tmLo5gb1PooR21OWqOuK8mxEWjIdO3GB/view?usp=sharing to file artifacts/data_ingestion/data.zip]
[2024-05-30 22:30:00,996: INFO: main: >>>>>> Stage DATA_INGESTION_STAGE Completed <<<<<<]
[2024-06-01 18:49:38,974: INFO: common: yaml file: config\config.yaml loaded successfully]
[2024-06-01 18:49:39,355: INFO: common: yaml file: params.yaml loaded successfully]
[2024-06-01 18:49:39,363: INFO: common: created directory at: artifacts]
[2024-06-01 18:49:39,368: INFO: common: created directory at: artifacts/prepare_base_model]
[2024-06-01 18:50:03,877: INFO: common: yaml file: config\config.yaml loaded successfully]
[2024-06-01 18:50:03,883: INFO: common: yaml file: params.yaml loaded successfully]
[2024-06-01 18:50:03,884: INFO: common: created directory at: artifacts]
[2024-06-01 18:50:03,886: INFO: common: created directory at: artifacts/prepare_base_model]
[2024-06-01 18:51:30,392: INFO: common: yaml file: config\config.yaml loaded successfully]
[2024-06-01 18:51:30,400: INFO: common: yaml file: params.yaml loaded successfully]
[2024-06-01 18:51:30,402: INFO: common: created directory at: artifacts]
[2024-06-01 18:51:30,404: INFO: common: created directory at: artifacts/prepare_base_model]
[2024-06-01 18:52:23,402: INFO: common: yaml file: config\config.yaml loaded successfully]
[2024-06-01 18:52:23,411: INFO: common: yaml file: params.yaml loaded successfully]
[2024-06-01 18:52:23,415: INFO: common: created directory at: artifacts]
[2024-06-01 18:52:23,418: INFO: common: created directory at: artifacts/prepare_base_model]
[2024-06-01 18:52:43,477: WARNING: saving_utils: Compiled the loaded model, but the compiled metrics have yet to be built. `model.compile_metrics` will be empty until you train or evaluate the model.]
[2024-06-01 19:09:33,233: INFO: main: >>>>>> Stage DATA_INGESTION_STAGE started <<<<<<]
[2024-06-01 19:09:33,238: INFO: common: yaml file: config\config.yaml loaded successfully]
[2024-06-01 19:09:33,241: INFO: common: yaml file: params.yaml loaded successfully]
[2024-06-01 19:09:33,244: INFO: common: created directory at: artifacts]
[2024-06-01 19:09:33,245: INFO: common: created directory at: artifacts/data_ingestion]
[2024-06-01 19:09:33,246: INFO: data_ingestion: Downloading dataset from https://drive.google.com/file/d/1tmLo5gb1PooR21OWqOuK8mxEWjIdO3GB/view?usp=sharing into file artifacts/data_ingestion/data.zip]
[2024-06-01 19:10:19,544: INFO: data_ingestion: Downloaded the data from https://drive.google.com/file/d/1tmLo5gb1PooR21OWqOuK8mxEWjIdO3GB/view?usp=sharing to file artifacts/data_ingestion/data.zip]
[2024-06-01 19:10:25,083: INFO: main: >>>>>> Stage DATA_INGESTION_STAGE Completed <<<<<<]
[2024-06-01 19:10:25,084: INFO: main: ************************]
[2024-06-01 19:10:25,084: INFO: main: >>>>>> Stage PREPARE_BASE_MODEL started <<<<<<]
[2024-06-01 19:10:25,086: INFO: common: yaml file: config\config.yaml loaded successfully]
[2024-06-01 19:10:25,088: INFO: common: yaml file: params.yaml loaded successfully]
[2024-06-01 19:10:25,089: INFO: common: created directory at: artifacts]
[2024-06-01 19:10:25,090: INFO: common: created directory at: artifacts/prepare_base_model]
[2024-06-01 19:10:25,875: WARNING: saving_utils: Compiled the loaded model, but the compiled metrics have yet to be built. `model.compile_metrics` will be empty until you train or evaluate the model.]
[2024-06-01 19:10:27,426: INFO: main: >>>>>> Stage PREPARE_BASE_MODEL Completed <<<<<<

x============x]
[2024-06-02 10:55:16,972: INFO: common: yaml file: config\config.yaml loaded successfully]
[2024-06-02 10:55:17,336: INFO: common: yaml file: params.yaml loaded successfully]
[2024-06-02 10:55:17,344: INFO: common: created directory at: artifacts]
[2024-06-02 10:55:17,350: INFO: common: created directory at: artifacts\training]
[2024-06-02 10:59:45,394: INFO: common: yaml file: config\config.yaml loaded successfully]
[2024-06-02 10:59:45,407: INFO: common: yaml file: params.yaml loaded successfully]
[2024-06-02 10:59:45,410: INFO: common: created directory at: artifacts]
[2024-06-02 10:59:45,412: INFO: common: created directory at: artifacts\training]
[2024-06-02 11:00:27,413: INFO: common: yaml file: config\config.yaml loaded successfully]
[2024-06-02 11:00:27,418: INFO: common: yaml file: params.yaml loaded successfully]
[2024-06-02 11:00:27,420: INFO: common: created directory at: artifacts]
[2024-06-02 11:00:27,423: INFO: common: created directory at: artifacts\training]
[2024-06-02 11:54:00,944: INFO: main: >>>>>> Stage DATA_INGESTION_STAGE started <<<<<<]
[2024-06-02 11:54:00,950: INFO: common: yaml file: config\config.yaml loaded successfully]
[2024-06-02 11:54:00,955: INFO: common: yaml file: params.yaml loaded successfully]
[2024-06-02 11:54:00,957: INFO: common: created directory at: artifacts]
[2024-06-02 11:54:00,958: INFO: common: created directory at: artifacts/data_ingestion]
[2024-06-02 11:54:00,959: INFO: data_ingestion: Downloading dataset from https://drive.google.com/file/d/1tmLo5gb1PooR21OWqOuK8mxEWjIdO3GB/view?usp=sharing into file artifacts/data_ingestion/data.zip]
[2024-06-02 11:54:26,645: INFO: data_ingestion: Downloaded the data from https://drive.google.com/file/d/1tmLo5gb1PooR21OWqOuK8mxEWjIdO3GB/view?usp=sharing to file artifacts/data_ingestion/data.zip]
[2024-06-02 11:54:34,946: INFO: main: >>>>>> Stage DATA_INGESTION_STAGE Completed <<<<<<]
[2024-06-02 11:54:34,947: INFO: main: ************************]
[2024-06-02 11:54:34,948: INFO: main: >>>>>> Stage PREPARE_BASE_MODEL started <<<<<<]
[2024-06-02 11:54:34,959: INFO: common: yaml file: config\config.yaml loaded successfully]
[2024-06-02 11:54:34,968: INFO: common: yaml file: params.yaml loaded successfully]
[2024-06-02 11:54:34,970: INFO: common: created directory at: artifacts]
[2024-06-02 11:54:34,971: INFO: common: created directory at: artifacts/prepare_base_model]
[2024-06-02 11:54:37,103: WARNING: saving_utils: Compiled the loaded model, but the compiled metrics have yet to be built. `model.compile_metrics` will be empty until you train or evaluate the model.]
[2024-06-02 11:54:38,652: INFO: main: >>>>>> Stage PREPARE_BASE_MODEL Completed <<<<<<

x============x]
[2024-06-02 11:54:38,656: INFO: main: *******************]
[2024-06-02 11:54:38,658: INFO: main: >>>>>> stage Training started <<<<<<]
[2024-06-02 11:54:38,670: INFO: common: yaml file: config\config.yaml loaded successfully]
[2024-06-02 11:54:38,680: INFO: common: yaml file: params.yaml loaded successfully]
[2024-06-02 11:54:38,691: INFO: common: created directory at: artifacts]
[2024-06-02 11:54:38,695: INFO: common: created directory at: artifacts\training]
[2024-06-02 12:27:08,906: INFO: main: >>>>>> stage Training completed <<<<<<

x==========x]
[2024-06-02 21:28:52,898: INFO: common: yaml file: config\config.yaml loaded successfully]
[2024-06-02 21:28:52,915: INFO: common: yaml file: params.yaml loaded successfully]
[2024-06-02 21:28:52,920: INFO: common: created directory at: artifacts]
[2024-06-02 21:33:00,064: INFO: common: json file saved at: scores.json]
[2024-06-02 21:33:05,342: WARNING: save: Found untraced functions such as _jit_compiled_convolution_op, _jit_compiled_convolution_op, _jit_compiled_convolution_op, _jit_compiled_convolution_op, _jit_compiled_convolution_op while saving (showing 5 of 14). These functions will not be directly callable after loading.]
[2024-06-02 21:33:06,887: INFO: builder_impl: Assets written to: C:\Users\shree\AppData\Local\Temp\tmp4feb3l7v\model\data\model\assets]
[2024-06-02 21:51:38,592: INFO: common: yaml file: config\config.yaml loaded successfully]
[2024-06-02 21:51:38,614: INFO: common: yaml file: params.yaml loaded successfully]
[2024-06-02 21:51:38,616: INFO: common: created directory at: artifacts]
[2024-06-02 21:56:49,803: INFO: common: json file saved at: scores.json]
[2024-06-02 21:56:54,767: WARNING: save: Found untraced functions such as _jit_compiled_convolution_op, _jit_compiled_convolution_op, _jit_compiled_convolution_op, _jit_compiled_convolution_op, _jit_compiled_convolution_op while saving (showing 5 of 14). These functions will not be directly callable after loading.]
[2024-06-02 21:56:55,890: INFO: builder_impl: Assets written to: C:\Users\shree\AppData\Local\Temp\tmp310kx_ve\model\data\model\assets]
[2024-06-02 22:14:47,163: INFO: main: >>>>>> Stage DATA_INGESTION_STAGE started <<<<<<]
[2024-06-02 22:14:47,173: INFO: common: yaml file: config\config.yaml loaded successfully]
[2024-06-02 22:14:47,174: INFO: common: yaml file: params.yaml loaded successfully]
[2024-06-02 22:14:47,174: INFO: common: created directory at: artifacts]
[2024-06-02 22:14:47,174: INFO: common: created directory at: artifacts/data_ingestion]
[2024-06-02 22:14:47,174: INFO: data_ingestion: Downloading dataset from https://drive.google.com/file/d/1tmLo5gb1PooR21OWqOuK8mxEWjIdO3GB/view?usp=sharing into file artifacts/data_ingestion/data.zip]
[2024-06-02 22:15:31,380: INFO: data_ingestion: Downloaded the data from https://drive.google.com/file/d/1tmLo5gb1PooR21OWqOuK8mxEWjIdO3GB/view?usp=sharing to file artifacts/data_ingestion/data.zip]
[2024-06-02 22:15:36,383: INFO: main: >>>>>> Stage DATA_INGESTION_STAGE Completed <<<<<<]
[2024-06-02 22:15:36,383: INFO: main: ************************]
[2024-06-02 22:15:36,383: INFO: main: >>>>>> Stage PREPARE_BASE_MODEL started <<<<<<]
[2024-06-02 22:15:36,383: INFO: common: yaml file: config\config.yaml loaded successfully]
[2024-06-02 22:15:36,393: INFO: common: yaml file: params.yaml loaded successfully]
[2024-06-02 22:15:36,393: INFO: common: created directory at: artifacts]
[2024-06-02 22:15:36,396: INFO: common: created directory at: artifacts/prepare_base_model]
[2024-06-02 22:15:37,483: WARNING: saving_utils: Compiled the loaded model, but the compiled metrics have yet to be built. `model.compile_metrics` will be empty until you train or evaluate the model.]
[2024-06-02 22:15:38,351: INFO: main: >>>>>> Stage PREPARE_BASE_MODEL Completed <<<<<<

x============x]
[2024-06-02 22:15:38,351: INFO: main: *******************]
[2024-06-02 22:15:38,351: INFO: main: >>>>>> stage Training started <<<<<<]
[2024-06-02 22:15:38,354: INFO: common: yaml file: config\config.yaml loaded successfully]
[2024-06-02 22:15:38,356: INFO: common: yaml file: params.yaml loaded successfully]
[2024-06-02 22:15:38,357: INFO: common: created directory at: artifacts]
[2024-06-02 22:15:38,358: INFO: common: created directory at: artifacts\training]
[2024-06-02 22:45:01,148: INFO: main: >>>>>> stage Training completed <<<<<<

x==========x]
[2024-06-02 22:45:01,148: INFO: main: *******************]
[2024-06-02 22:45:01,148: INFO: main: >>>>>> stage Evaluation stage started <<<<<<]
[2024-06-02 22:45:01,148: INFO: common: yaml file: config\config.yaml loaded successfully]
[2024-06-02 22:45:01,148: INFO: common: yaml file: params.yaml loaded successfully]
[2024-06-02 22:45:01,159: INFO: common: created directory at: artifacts]
[2024-06-02 22:49:13,735: INFO: common: json file saved at: scores.json]
[2024-06-02 22:49:13,737: INFO: common: json file saved at: scores.json]
[2024-06-02 22:49:13,738: INFO: main: >>>>>> stage Evaluation stage completed <<<<<<

x==========x]
[2024-06-03 21:51:55,675: INFO: main: >>>>>> Stage DATA_INGESTION_STAGE started <<<<<<]
[2024-06-03 21:51:55,746: INFO: common: yaml file: config\config.yaml loaded successfully]
[2024-06-03 21:51:55,807: INFO: common: yaml file: params.yaml loaded successfully]
[2024-06-03 21:51:55,814: INFO: common: created directory at: artifacts]
[2024-06-03 21:51:55,817: INFO: common: created directory at: artifacts/data_ingestion]
[2024-06-03 21:51:55,820: INFO: data_ingestion: Downloading dataset from https://drive.google.com/file/d/1tmLo5gb1PooR21OWqOuK8mxEWjIdO3GB/view?usp=sharing into file artifacts/data_ingestion/data.zip]
[2024-06-03 21:52:46,191: INFO: data_ingestion: Downloaded the data from https://drive.google.com/file/d/1tmLo5gb1PooR21OWqOuK8mxEWjIdO3GB/view?usp=sharing to file artifacts/data_ingestion/data.zip]
[2024-06-03 21:52:54,197: INFO: main: >>>>>> Stage DATA_INGESTION_STAGE Completed <<<<<<]
[2024-06-03 21:52:54,198: INFO: main: ************************]
[2024-06-03 21:52:54,198: INFO: main: >>>>>> Stage PREPARE_BASE_MODEL started <<<<<<]
[2024-06-03 21:52:54,198: INFO: common: yaml file: config\config.yaml loaded successfully]
[2024-06-03 21:52:54,208: INFO: common: yaml file: params.yaml loaded successfully]
[2024-06-03 21:52:54,213: INFO: common: created directory at: artifacts]
[2024-06-03 21:52:54,215: INFO: common: created directory at: artifacts/prepare_base_model]
[2024-06-03 21:52:55,628: WARNING: saving_utils: Compiled the loaded model, but the compiled metrics have yet to be built. `model.compile_metrics` will be empty until you train or evaluate the model.]
[2024-06-03 21:52:57,805: INFO: main: >>>>>> Stage PREPARE_BASE_MODEL Completed <<<<<<

x============x]
[2024-06-03 21:52:57,806: INFO: main: *******************]
[2024-06-03 21:52:57,806: INFO: main: >>>>>> stage Training started <<<<<<]
[2024-06-03 21:52:57,812: INFO: common: yaml file: config\config.yaml loaded successfully]
[2024-06-03 21:52:57,824: INFO: common: yaml file: params.yaml loaded successfully]
[2024-06-03 21:52:57,825: INFO: common: created directory at: artifacts]
[2024-06-03 21:52:57,826: INFO: common: created directory at: artifacts\training]
[2024-06-03 22:30:00,835: INFO: main: >>>>>> stage Training completed <<<<<<

x==========x]
[2024-06-03 22:30:00,835: INFO: main: *******************]
[2024-06-03 22:30:00,835: INFO: main: >>>>>> stage Evaluation stage started <<<<<<]
[2024-06-03 22:30:00,851: INFO: common: yaml file: config\config.yaml loaded successfully]
[2024-06-03 22:30:00,855: INFO: common: yaml file: params.yaml loaded successfully]
[2024-06-03 22:30:00,857: INFO: common: created directory at: artifacts]
[2024-06-03 22:34:09,032: INFO: common: json file saved at: scores.json]
[2024-06-03 22:34:09,048: INFO: common: json file saved at: scores.json]
[2024-06-03 22:34:09,048: INFO: main: >>>>>> stage Evaluation stage completed <<<<<<

x==========x]
[2024-06-03 22:37:11,215: INFO: main: >>>>>> Stage DATA_INGESTION_STAGE started <<<<<<]
[2024-06-03 22:37:11,230: INFO: common: yaml file: config\config.yaml loaded successfully]
[2024-06-03 22:37:11,244: INFO: common: yaml file: params.yaml loaded successfully]
[2024-06-03 22:37:11,245: INFO: common: created directory at: artifacts]
[2024-06-03 22:37:11,246: INFO: common: created directory at: artifacts/data_ingestion]
[2024-06-03 22:37:11,246: INFO: data_ingestion: Downloading dataset from https://drive.google.com/file/d/1tmLo5gb1PooR21OWqOuK8mxEWjIdO3GB/view?usp=sharing into file artifacts/data_ingestion/data.zip]
[2024-06-03 22:37:49,433: INFO: data_ingestion: Downloaded the data from https://drive.google.com/file/d/1tmLo5gb1PooR21OWqOuK8mxEWjIdO3GB/view?usp=sharing to file artifacts/data_ingestion/data.zip]
[2024-06-03 22:37:53,385: INFO: main: >>>>>> Stage DATA_INGESTION_STAGE Completed <<<<<<]
[2024-06-03 22:37:53,385: INFO: main: ************************]
[2024-06-03 22:37:53,385: INFO: main: >>>>>> Stage PREPARE_BASE_MODEL started <<<<<<]
[2024-06-03 22:37:53,385: INFO: common: yaml file: config\config.yaml loaded successfully]
[2024-06-03 22:37:53,396: INFO: common: yaml file: params.yaml loaded successfully]
[2024-06-03 22:37:53,397: INFO: common: created directory at: artifacts]
[2024-06-03 22:37:53,397: INFO: common: created directory at: artifacts/prepare_base_model]
[2024-06-03 22:37:54,169: WARNING: saving_utils: Compiled the loaded model, but the compiled metrics have yet to be built. `model.compile_metrics` will be empty until you train or evaluate the model.]
[2024-06-03 22:37:54,531: INFO: main: >>>>>> Stage PREPARE_BASE_MODEL Completed <<<<<<

x============x]
[2024-06-03 22:37:54,531: INFO: main: *******************]
[2024-06-03 22:37:54,531: INFO: main: >>>>>> stage Training started <<<<<<]
[2024-06-03 22:37:54,531: INFO: common: yaml file: config\config.yaml loaded successfully]
[2024-06-03 22:37:54,531: INFO: common: yaml file: params.yaml loaded successfully]
[2024-06-03 22:37:54,531: INFO: common: created directory at: artifacts]
[2024-06-03 22:37:54,542: INFO: common: created directory at: artifacts\training]
[2024-06-03 22:51:33,086: INFO: main: >>>>>> stage Training completed <<<<<<

x==========x]
[2024-06-03 22:51:33,088: INFO: main: *******************]
[2024-06-03 22:51:33,089: INFO: main: >>>>>> stage Evaluation stage started <<<<<<]
[2024-06-03 22:51:33,091: INFO: common: yaml file: config\config.yaml loaded successfully]
[2024-06-03 22:51:33,099: INFO: common: yaml file: params.yaml loaded successfully]
[2024-06-03 22:51:33,100: INFO: common: created directory at: artifacts]
[2024-06-03 22:55:32,333: INFO: common: json file saved at: scores.json]
[2024-06-03 22:55:32,334: INFO: common: json file saved at: scores.json]
[2024-06-03 22:55:32,335: INFO: main: >>>>>> stage Evaluation stage completed <<<<<<

x==========x]
[2024-06-05 20:03:20,449: INFO: stage_01_data_ingestion: >>>>>> Stage DATA_INGESTION_STAGE started <<<<<<]
[2024-06-05 20:03:20,465: INFO: common: yaml file: config\config.yaml loaded successfully]
[2024-06-05 20:03:20,465: INFO: common: yaml file: params.yaml loaded successfully]
[2024-06-05 20:03:20,465: INFO: common: created directory at: artifacts]
[2024-06-05 20:03:20,479: INFO: common: created directory at: artifacts/data_ingestion]
[2024-06-05 20:03:20,480: INFO: data_ingestion: Downloading dataset from https://drive.google.com/file/d/1tmLo5gb1PooR21OWqOuK8mxEWjIdO3GB/view?usp=sharing into file artifacts/data_ingestion/data.zip]
[2024-06-05 20:03:48,572: INFO: data_ingestion: Downloaded the data from https://drive.google.com/file/d/1tmLo5gb1PooR21OWqOuK8mxEWjIdO3GB/view?usp=sharing to file artifacts/data_ingestion/data.zip]
[2024-06-05 20:03:56,220: INFO: stage_01_data_ingestion: >>>>>> Stage DATA_INGESTION_STAGE Completed <<<<<<]
[2024-06-05 20:09:03,348: INFO: stage_01_data_ingestion: >>>>>> Stage DATA_INGESTION_STAGE started <<<<<<]
[2024-06-05 20:09:03,348: INFO: common: yaml file: config\config.yaml loaded successfully]
[2024-06-05 20:09:03,366: INFO: common: yaml file: params.yaml loaded successfully]
[2024-06-05 20:09:03,367: INFO: common: created directory at: artifacts]
[2024-06-05 20:09:03,368: INFO: common: created directory at: artifacts/data_ingestion]
[2024-06-05 20:09:03,369: INFO: data_ingestion: Downloading dataset from https://drive.google.com/file/d/1tmLo5gb1PooR21OWqOuK8mxEWjIdO3GB/view?usp=sharing into file artifacts/data_ingestion/data.zip]
[2024-06-05 20:09:31,673: INFO: data_ingestion: Downloaded the data from https://drive.google.com/file/d/1tmLo5gb1PooR21OWqOuK8mxEWjIdO3GB/view?usp=sharing to file artifacts/data_ingestion/data.zip]
[2024-06-05 20:09:39,401: INFO: stage_01_data_ingestion: >>>>>> Stage DATA_INGESTION_STAGE Completed <<<<<<]
[2024-06-05 20:11:25,591: INFO: stage_01_data_ingestion: >>>>>> Stage DATA_INGESTION_STAGE started <<<<<<]
[2024-06-05 20:11:25,591: INFO: common: yaml file: config\config.yaml loaded successfully]
[2024-06-05 20:11:25,604: INFO: common: yaml file: params.yaml loaded successfully]
[2024-06-05 20:11:25,605: INFO: common: created directory at: artifacts]
[2024-06-05 20:11:25,607: INFO: common: created directory at: artifacts/data_ingestion]
[2024-06-05 20:11:25,608: INFO: data_ingestion: Downloading dataset from https://drive.google.com/file/d/1tmLo5gb1PooR21OWqOuK8mxEWjIdO3GB/view?usp=sharing into file artifacts/data_ingestion/data.zip]
[2024-06-05 20:11:51,660: INFO: data_ingestion: Downloaded the data from https://drive.google.com/file/d/1tmLo5gb1PooR21OWqOuK8mxEWjIdO3GB/view?usp=sharing to file artifacts/data_ingestion/data.zip]
[2024-06-05 20:11:58,777: INFO: stage_01_data_ingestion: >>>>>> Stage DATA_INGESTION_STAGE Completed <<<<<<]
[2024-06-05 20:13:55,984: INFO: stage_01_data_ingestion: >>>>>> Stage DATA_INGESTION_STAGE started <<<<<<]
[2024-06-05 20:13:55,997: INFO: common: yaml file: config\config.yaml loaded successfully]
[2024-06-05 20:13:55,997: INFO: common: yaml file: params.yaml loaded successfully]
[2024-06-05 20:13:55,997: INFO: common: created directory at: artifacts]
[2024-06-05 20:13:56,005: INFO: common: created directory at: artifacts/data_ingestion]
[2024-06-05 20:13:56,006: INFO: data_ingestion: Downloading dataset from https://drive.google.com/file/d/1tmLo5gb1PooR21OWqOuK8mxEWjIdO3GB/view?usp=sharing into file artifacts/data_ingestion/data.zip]
[2024-06-05 20:14:24,637: INFO: data_ingestion: Downloaded the data from https://drive.google.com/file/d/1tmLo5gb1PooR21OWqOuK8mxEWjIdO3GB/view?usp=sharing to file artifacts/data_ingestion/data.zip]
[2024-06-05 20:14:30,045: INFO: stage_01_data_ingestion: >>>>>> Stage DATA_INGESTION_STAGE Completed <<<<<<]
[2024-06-05 20:16:06,097: INFO: stage_02_prepare_base_model: *******************]
[2024-06-05 20:16:06,097: INFO: stage_02_prepare_base_model: >>>>>> stage Prepare base model started <<<<<<]
[2024-06-05 20:16:06,113: INFO: common: yaml file: config\config.yaml loaded successfully]
[2024-06-05 20:16:06,118: INFO: common: yaml file: params.yaml loaded successfully]
[2024-06-05 20:16:06,120: INFO: common: created directory at: artifacts]
[2024-06-05 20:16:06,121: INFO: common: created directory at: artifacts/prepare_base_model]
[2024-06-05 20:16:07,182: WARNING: saving_utils: Compiled the loaded model, but the compiled metrics have yet to be built. `model.compile_metrics` will be empty until you train or evaluate the model.]
[2024-06-05 20:16:07,629: INFO: stage_02_prepare_base_model: >>>>>> stage Prepare base model completed <<<<<<

x==========x]
[2024-06-05 20:16:21,664: INFO: stage_03_model_training: *******************]
[2024-06-05 20:16:21,664: INFO: stage_03_model_training: >>>>>> stage Training started <<<<<<]
[2024-06-05 20:16:21,680: INFO: common: yaml file: config\config.yaml loaded successfully]
[2024-06-05 20:16:21,680: INFO: common: yaml file: params.yaml loaded successfully]
[2024-06-05 20:16:21,680: INFO: common: created directory at: artifacts]
[2024-06-05 20:16:21,680: INFO: common: created directory at: artifacts\training]
[2024-06-05 20:32:55,536: INFO: stage_03_model_training: >>>>>> stage Training completed <<<<<<

x==========x]
[2024-06-05 20:34:27,523: INFO: stage_04_model_eveluation_mlflow: *******************]
[2024-06-05 20:34:27,523: INFO: stage_04_model_eveluation_mlflow: >>>>>> stage Evaluation stage started <<<<<<]
[2024-06-05 20:34:27,523: INFO: common: yaml file: config\config.yaml loaded successfully]
[2024-06-05 20:34:27,523: INFO: common: yaml file: params.yaml loaded successfully]
[2024-06-05 20:34:27,523: INFO: common: created directory at: artifacts]
[2024-06-05 20:38:48,568: INFO: common: json file saved at: scores.json]
[2024-06-05 20:38:48,571: INFO: common: json file saved at: scores.json]
[2024-06-05 20:38:52,396: WARNING: save: Found untraced functions such as _jit_compiled_convolution_op, _jit_compiled_convolution_op, _jit_compiled_convolution_op, _jit_compiled_convolution_op, _jit_compiled_convolution_op while saving (showing 5 of 14). These functions will not be directly callable after loading.]
[2024-06-05 20:38:53,907: INFO: builder_impl: Assets written to: C:\Users\shree\AppData\Local\Temp\tmpa97fxktj\model\data\model\assets]
[2024-06-05 20:39:14,747: INFO: stage_04_model_eveluation_mlflow: >>>>>> stage Evaluation stage completed <<<<<<

x==========x]
[2024-06-05 20:46:42,818: INFO: stage_02_prepare_base_model: *******************]
[2024-06-05 20:46:42,818: INFO: stage_02_prepare_base_model: >>>>>> stage Prepare base model started <<<<<<]
[2024-06-05 20:46:42,818: INFO: common: yaml file: config\config.yaml loaded successfully]
[2024-06-05 20:46:42,830: INFO: common: yaml file: params.yaml loaded successfully]
[2024-06-05 20:46:42,831: INFO: common: created directory at: artifacts]
[2024-06-05 20:46:42,831: INFO: common: created directory at: artifacts/prepare_base_model]
[2024-06-05 20:46:43,726: WARNING: saving_utils: Compiled the loaded model, but the compiled metrics have yet to be built. `model.compile_metrics` will be empty until you train or evaluate the model.]
[2024-06-05 20:46:44,154: INFO: stage_02_prepare_base_model: >>>>>> stage Prepare base model completed <<<<<<

x==========x]
[2024-06-05 20:46:56,849: INFO: stage_03_model_training: *******************]
[2024-06-05 20:46:56,849: INFO: stage_03_model_training: >>>>>> stage Training started <<<<<<]
[2024-06-05 20:46:56,849: INFO: common: yaml file: config\config.yaml loaded successfully]
[2024-06-05 20:46:56,849: INFO: common: yaml file: params.yaml loaded successfully]
[2024-06-05 20:46:56,849: INFO: common: created directory at: artifacts]
[2024-06-05 20:46:56,849: INFO: common: created directory at: artifacts\training]
[2024-06-05 21:55:08,198: INFO: stage_03_model_training: >>>>>> stage Training completed <<<<<<

x==========x]
[2024-06-05 21:55:24,949: INFO: stage_04_model_eveluation_mlflow: *******************]
[2024-06-05 21:55:24,949: INFO: stage_04_model_eveluation_mlflow: >>>>>> stage Evaluation stage started <<<<<<]
[2024-06-05 21:55:24,949: INFO: common: yaml file: config\config.yaml loaded successfully]
[2024-06-05 21:55:24,949: INFO: common: yaml file: params.yaml loaded successfully]
[2024-06-05 21:55:24,949: INFO: common: created directory at: artifacts]
[2024-06-05 21:59:40,820: INFO: common: json file saved at: scores.json]
[2024-06-05 21:59:40,822: INFO: common: json file saved at: scores.json]
[2024-06-05 21:59:43,482: WARNING: save: Found untraced functions such as _jit_compiled_convolution_op, _jit_compiled_convolution_op, _jit_compiled_convolution_op, _jit_compiled_convolution_op, _jit_compiled_convolution_op while saving (showing 5 of 14). These functions will not be directly callable after loading.]
[2024-06-05 21:59:44,570: INFO: builder_impl: Assets written to: C:\Users\shree\AppData\Local\Temp\tmph66cftk5\model\data\model\assets]
[2024-06-05 22:00:16,280: INFO: stage_04_model_eveluation_mlflow: >>>>>> stage Evaluation stage completed <<<<<<

x==========x]
[2024-06-05 22:01:53,706: INFO: common: yaml file: config\config.yaml loaded successfully]
[2024-06-05 22:01:53,720: INFO: common: yaml file: params.yaml loaded successfully]
[2024-06-05 22:01:53,723: INFO: common: created directory at: artifacts]
[2024-06-05 22:06:53,002: INFO: common: json file saved at: scores.json]
[2024-06-05 22:06:57,956: WARNING: save: Found untraced functions such as _jit_compiled_convolution_op, _jit_compiled_convolution_op, _jit_compiled_convolution_op, _jit_compiled_convolution_op, _jit_compiled_convolution_op while saving (showing 5 of 14). These functions will not be directly callable after loading.]
[2024-06-05 22:07:00,200: INFO: builder_impl: Assets written to: C:\Users\shree\AppData\Local\Temp\tmpmj9gdq2n\model\data\model\assets]
[2024-06-05 22:12:46,830: INFO: stage_02_prepare_base_model: *******************]
[2024-06-05 22:12:46,831: INFO: stage_02_prepare_base_model: >>>>>> stage Prepare base model started <<<<<<]
[2024-06-05 22:12:46,845: INFO: common: yaml file: config\config.yaml loaded successfully]
[2024-06-05 22:12:46,849: INFO: common: yaml file: params.yaml loaded successfully]
[2024-06-05 22:12:46,851: INFO: common: created directory at: artifacts]
[2024-06-05 22:12:46,852: INFO: common: created directory at: artifacts/prepare_base_model]
[2024-06-05 22:12:47,801: WARNING: saving_utils: Compiled the loaded model, but the compiled metrics have yet to be built. `model.compile_metrics` will be empty until you train or evaluate the model.]
[2024-06-05 22:12:48,176: INFO: stage_02_prepare_base_model: >>>>>> stage Prepare base model completed <<<<<<

x==========x]
[2024-06-05 22:13:00,704: INFO: stage_03_model_training: *******************]
[2024-06-05 22:13:00,704: INFO: stage_03_model_training: >>>>>> stage Training started <<<<<<]
[2024-06-05 22:13:00,707: INFO: common: yaml file: config\config.yaml loaded successfully]
[2024-06-05 22:13:00,709: INFO: common: yaml file: params.yaml loaded successfully]
[2024-06-05 22:13:00,709: INFO: common: created directory at: artifacts]
[2024-06-05 22:13:00,709: INFO: common: created directory at: artifacts\training]
[2024-06-05 22:26:59,724: INFO: stage_03_model_training: >>>>>> stage Training completed <<<<<<

x==========x]
[2024-06-05 22:27:18,537: INFO: stage_04_model_eveluation_mlflow: *******************]
[2024-06-05 22:27:18,538: INFO: stage_04_model_eveluation_mlflow: >>>>>> stage Evaluation stage started <<<<<<]
[2024-06-05 22:27:18,540: INFO: common: yaml file: config\config.yaml loaded successfully]
[2024-06-05 22:27:18,541: INFO: common: yaml file: params.yaml loaded successfully]
[2024-06-05 22:27:18,542: INFO: common: created directory at: artifacts]
[2024-06-05 22:31:17,315: INFO: common: json file saved at: scores.json]
[2024-06-05 22:31:17,317: INFO: common: json file saved at: scores.json]
[2024-06-05 22:31:17,318: INFO: stage_04_model_eveluation_mlflow: Logging the model on the MLflow]
[2024-06-05 22:31:20,177: WARNING: save: Found untraced functions such as _jit_compiled_convolution_op, _jit_compiled_convolution_op, _jit_compiled_convolution_op, _jit_compiled_convolution_op, _jit_compiled_convolution_op while saving (showing 5 of 14). These functions will not be directly callable after loading.]
[2024-06-05 22:31:21,257: INFO: builder_impl: Assets written to: C:\Users\shree\AppData\Local\Temp\tmpqqefcsyw\model\data\model\assets]
[2024-06-05 22:31:38,809: INFO: stage_04_model_eveluation_mlflow: >>>>>> stage Evaluation stage completed <<<<<<

x==========x]
[2024-06-05 22:42:36,200: WARNING: _internal:  * Running on all addresses.
   WARNING: This is a development server. Do not use it in a production deployment.]
[2024-06-05 22:42:36,204: INFO: _internal:  * Running on http://192.168.190.187:8080/ (Press CTRL+C to quit)]
[2024-06-05 22:49:05,106: INFO: _internal: 192.168.190.187 - - [05/Jun/2024 22:49:05] "GET / HTTP/1.1" 200 -]
[2024-06-05 22:49:33,587: ERROR: app: Exception on /predict [POST]]
Traceback (most recent call last):
  File "C:\Users\shree\AppData\Local\Programs\Python\Python38\lib\site-packages\flask\app.py", line 2073, in wsgi_app
    response = self.full_dispatch_request()
  File "C:\Users\shree\AppData\Local\Programs\Python\Python38\lib\site-packages\flask\app.py", line 1518, in full_dispatch_request
    rv = self.handle_user_exception(e)
  File "C:\Users\shree\AppData\Local\Programs\Python\Python38\lib\site-packages\flask_cors\extension.py", line 178, in wrapped_function
    return cors_after_request(app.make_response(f(*args, **kwargs)))
  File "C:\Users\shree\AppData\Local\Programs\Python\Python38\lib\site-packages\flask\app.py", line 1516, in full_dispatch_request
    rv = self.dispatch_request()
  File "C:\Users\shree\AppData\Local\Programs\Python\Python38\lib\site-packages\flask\app.py", line 1502, in dispatch_request
    return self.ensure_sync(self.view_functions[rule.endpoint])(**req.view_args)
  File "C:\Users\shree\AppData\Local\Programs\Python\Python38\lib\site-packages\flask_cors\decorator.py", line 130, in wrapped_function
    resp = make_response(f(*args, **kwargs))
  File "app.py", line 44, in predictRoute
    result = clApp.classifier.predict()
  File "E:\Data_Science_Projects\CNN_Project\HDPE_and_PET_Bottle_Plastic_Waste_classification_Project\src\cnnImageClassifier\pipeline\prediction.py", line 16, in predict
    model = load_model(os.path.join("model", "model.h5"))
  File "C:\Users\shree\AppData\Local\Programs\Python\Python38\lib\site-packages\keras\saving\saving_api.py", line 212, in load_model
    return legacy_sm_saving_lib.load_model(
  File "C:\Users\shree\AppData\Local\Programs\Python\Python38\lib\site-packages\keras\utils\traceback_utils.py", line 70, in error_handler
    raise e.with_traceback(filtered_tb) from None
  File "C:\Users\shree\AppData\Local\Programs\Python\Python38\lib\site-packages\keras\saving\legacy\save.py", line 230, in load_model
    raise IOError(
OSError: No file or directory found at model\model.h5
[2024-06-05 22:49:33,664: INFO: _internal: 192.168.190.187 - - [05/Jun/2024 22:49:33] "[35m[1mPOST /predict HTTP/1.1[0m" 500 -]
[2024-06-05 22:53:16,668: WARNING: _internal:  * Running on all addresses.
   WARNING: This is a development server. Do not use it in a production deployment.]
[2024-06-05 22:53:16,668: INFO: _internal:  * Running on http://192.168.190.187:8080/ (Press CTRL+C to quit)]
[2024-06-05 22:53:43,940: INFO: _internal: 192.168.190.187 - - [05/Jun/2024 22:53:43] "GET / HTTP/1.1" 200 -]
[2024-06-05 22:53:50,289: ERROR: app: Exception on /predict [POST]]
Traceback (most recent call last):
  File "C:\Users\shree\AppData\Local\Programs\Python\Python38\lib\site-packages\flask\app.py", line 2073, in wsgi_app
    response = self.full_dispatch_request()
  File "C:\Users\shree\AppData\Local\Programs\Python\Python38\lib\site-packages\flask\app.py", line 1518, in full_dispatch_request
    rv = self.handle_user_exception(e)
  File "C:\Users\shree\AppData\Local\Programs\Python\Python38\lib\site-packages\flask_cors\extension.py", line 178, in wrapped_function
    return cors_after_request(app.make_response(f(*args, **kwargs)))
  File "C:\Users\shree\AppData\Local\Programs\Python\Python38\lib\site-packages\flask\app.py", line 1516, in full_dispatch_request
    rv = self.dispatch_request()
  File "C:\Users\shree\AppData\Local\Programs\Python\Python38\lib\site-packages\flask\app.py", line 1502, in dispatch_request
    return self.ensure_sync(self.view_functions[rule.endpoint])(**req.view_args)
  File "C:\Users\shree\AppData\Local\Programs\Python\Python38\lib\site-packages\flask_cors\decorator.py", line 130, in wrapped_function
    resp = make_response(f(*args, **kwargs))
  File "app.py", line 44, in predictRoute
    result = clApp.classifier.predict()
  File "E:\Data_Science_Projects\CNN_Project\HDPE_and_PET_Bottle_Plastic_Waste_classification_Project\src\cnnImageClassifier\pipeline\prediction.py", line 16, in predict
    model = load_model(os.path.join("model", "model.h5"))
  File "C:\Users\shree\AppData\Local\Programs\Python\Python38\lib\site-packages\keras\saving\saving_api.py", line 212, in load_model
    return legacy_sm_saving_lib.load_model(
  File "C:\Users\shree\AppData\Local\Programs\Python\Python38\lib\site-packages\keras\utils\traceback_utils.py", line 70, in error_handler
    raise e.with_traceback(filtered_tb) from None
  File "C:\Users\shree\AppData\Local\Programs\Python\Python38\lib\site-packages\keras\saving\legacy\save.py", line 230, in load_model
    raise IOError(
OSError: No file or directory found at model\model.h5
[2024-06-05 22:53:50,289: INFO: _internal: 192.168.190.187 - - [05/Jun/2024 22:53:50] "[35m[1mPOST /predict HTTP/1.1[0m" 500 -]
[2024-06-05 22:59:11,871: WARNING: _internal:  * Running on all addresses.
   WARNING: This is a development server. Do not use it in a production deployment.]
[2024-06-05 22:59:11,871: INFO: _internal:  * Running on http://192.168.190.187:8080/ (Press CTRL+C to quit)]
[2024-06-05 23:00:41,901: INFO: _internal: 192.168.190.187 - - [05/Jun/2024 23:00:41] "GET / HTTP/1.1" 200 -]
[2024-06-05 23:00:46,888: ERROR: app: Exception on /predict [POST]]
Traceback (most recent call last):
  File "C:\Users\shree\AppData\Local\Programs\Python\Python38\lib\site-packages\flask\app.py", line 2073, in wsgi_app
    response = self.full_dispatch_request()
  File "C:\Users\shree\AppData\Local\Programs\Python\Python38\lib\site-packages\flask\app.py", line 1518, in full_dispatch_request
    rv = self.handle_user_exception(e)
  File "C:\Users\shree\AppData\Local\Programs\Python\Python38\lib\site-packages\flask_cors\extension.py", line 178, in wrapped_function
    return cors_after_request(app.make_response(f(*args, **kwargs)))
  File "C:\Users\shree\AppData\Local\Programs\Python\Python38\lib\site-packages\flask\app.py", line 1516, in full_dispatch_request
    rv = self.dispatch_request()
  File "C:\Users\shree\AppData\Local\Programs\Python\Python38\lib\site-packages\flask\app.py", line 1502, in dispatch_request
    return self.ensure_sync(self.view_functions[rule.endpoint])(**req.view_args)
  File "C:\Users\shree\AppData\Local\Programs\Python\Python38\lib\site-packages\flask_cors\decorator.py", line 130, in wrapped_function
    resp = make_response(f(*args, **kwargs))
  File "app.py", line 44, in predictRoute
    result = clApp.classifier.predict()
  File "E:\Data_Science_Projects\CNN_Project\HDPE_and_PET_Bottle_Plastic_Waste_classification_Project\src\cnnImageClassifier\pipeline\prediction.py", line 16, in predict
    model = load_model(os.path.join("artifacts\training\model.h5", "model.h5"))
  File "C:\Users\shree\AppData\Local\Programs\Python\Python38\lib\site-packages\keras\saving\saving_api.py", line 212, in load_model
    return legacy_sm_saving_lib.load_model(
  File "C:\Users\shree\AppData\Local\Programs\Python\Python38\lib\site-packages\keras\utils\traceback_utils.py", line 70, in error_handler
    raise e.with_traceback(filtered_tb) from None
  File "C:\Users\shree\AppData\Local\Programs\Python\Python38\lib\site-packages\keras\saving\legacy\save.py", line 230, in load_model
    raise IOError(
OSError: No file or directory found at artifacts	raining\model.h5\model.h5
[2024-06-05 23:00:46,888: INFO: _internal: 192.168.190.187 - - [05/Jun/2024 23:00:46] "[35m[1mPOST /predict HTTP/1.1[0m" 500 -]
[2024-06-05 23:01:26,308: WARNING: _internal:  * Running on all addresses.
   WARNING: This is a development server. Do not use it in a production deployment.]
[2024-06-05 23:01:26,308: INFO: _internal:  * Running on http://192.168.190.187:8080/ (Press CTRL+C to quit)]
[2024-06-05 23:01:41,160: INFO: _internal: 192.168.190.187 - - [05/Jun/2024 23:01:41] "GET / HTTP/1.1" 200 -]
[2024-06-05 23:01:48,227: ERROR: app: Exception on /predict [POST]]
Traceback (most recent call last):
  File "C:\Users\shree\AppData\Local\Programs\Python\Python38\lib\site-packages\flask\app.py", line 2073, in wsgi_app
    response = self.full_dispatch_request()
  File "C:\Users\shree\AppData\Local\Programs\Python\Python38\lib\site-packages\flask\app.py", line 1518, in full_dispatch_request
    rv = self.handle_user_exception(e)
  File "C:\Users\shree\AppData\Local\Programs\Python\Python38\lib\site-packages\flask_cors\extension.py", line 178, in wrapped_function
    return cors_after_request(app.make_response(f(*args, **kwargs)))
  File "C:\Users\shree\AppData\Local\Programs\Python\Python38\lib\site-packages\flask\app.py", line 1516, in full_dispatch_request
    rv = self.dispatch_request()
  File "C:\Users\shree\AppData\Local\Programs\Python\Python38\lib\site-packages\flask\app.py", line 1502, in dispatch_request
    return self.ensure_sync(self.view_functions[rule.endpoint])(**req.view_args)
  File "C:\Users\shree\AppData\Local\Programs\Python\Python38\lib\site-packages\flask_cors\decorator.py", line 130, in wrapped_function
    resp = make_response(f(*args, **kwargs))
  File "app.py", line 44, in predictRoute
    result = clApp.classifier.predict()
  File "E:\Data_Science_Projects\CNN_Project\HDPE_and_PET_Bottle_Plastic_Waste_classification_Project\src\cnnImageClassifier\pipeline\prediction.py", line 16, in predict
    model = load_model(os.path.join("artifacts/training/model.h5", "model.h5"))
  File "C:\Users\shree\AppData\Local\Programs\Python\Python38\lib\site-packages\keras\saving\saving_api.py", line 212, in load_model
    return legacy_sm_saving_lib.load_model(
  File "C:\Users\shree\AppData\Local\Programs\Python\Python38\lib\site-packages\keras\utils\traceback_utils.py", line 70, in error_handler
    raise e.with_traceback(filtered_tb) from None
  File "C:\Users\shree\AppData\Local\Programs\Python\Python38\lib\site-packages\keras\saving\legacy\save.py", line 230, in load_model
    raise IOError(
OSError: No file or directory found at artifacts/training/model.h5\model.h5
[2024-06-05 23:01:48,235: INFO: _internal: 192.168.190.187 - - [05/Jun/2024 23:01:48] "[35m[1mPOST /predict HTTP/1.1[0m" 500 -]
[2024-06-05 23:02:20,206: WARNING: _internal:  * Running on all addresses.
   WARNING: This is a development server. Do not use it in a production deployment.]
[2024-06-05 23:02:20,207: INFO: _internal:  * Running on http://192.168.190.187:8080/ (Press CTRL+C to quit)]
[2024-06-05 23:02:24,123: INFO: _internal: 192.168.190.187 - - [05/Jun/2024 23:02:24] "GET / HTTP/1.1" 200 -]
[2024-06-05 23:02:31,462: INFO: _internal: 192.168.190.187 - - [05/Jun/2024 23:02:31] "POST /predict HTTP/1.1" 200 -]
[2024-06-05 23:03:29,427: WARNING: _internal:  * Running on all addresses.
   WARNING: This is a development server. Do not use it in a production deployment.]
[2024-06-05 23:03:29,428: INFO: _internal:  * Running on http://192.168.190.187:8080/ (Press CTRL+C to quit)]
[2024-06-05 23:03:37,438: INFO: _internal: 192.168.190.187 - - [05/Jun/2024 23:03:37] "GET / HTTP/1.1" 200 -]
[2024-06-05 23:03:45,597: INFO: _internal: 192.168.190.187 - - [05/Jun/2024 23:03:45] "POST /predict HTTP/1.1" 200 -]
[2024-06-05 23:04:34,098: INFO: _internal: 192.168.190.187 - - [05/Jun/2024 23:04:34] "POST /predict HTTP/1.1" 200 -]
[2024-06-05 23:05:10,108: WARNING: _internal:  * Running on all addresses.
   WARNING: This is a development server. Do not use it in a production deployment.]
[2024-06-05 23:05:10,108: INFO: _internal:  * Running on http://192.168.190.187:8080/ (Press CTRL+C to quit)]
[2024-06-05 23:05:15,261: INFO: _internal: 192.168.190.187 - - [05/Jun/2024 23:05:15] "GET / HTTP/1.1" 200 -]
[2024-06-05 23:05:26,969: INFO: _internal: 192.168.190.187 - - [05/Jun/2024 23:05:26] "POST /predict HTTP/1.1" 200 -]
[2024-06-05 23:05:45,015: INFO: _internal: 192.168.190.187 - - [05/Jun/2024 23:05:45] "POST /predict HTTP/1.1" 200 -]
[2024-06-05 23:05:54,979: INFO: _internal: 192.168.190.187 - - [05/Jun/2024 23:05:54] "POST /predict HTTP/1.1" 200 -]
[2024-06-05 23:06:05,760: INFO: _internal: 192.168.190.187 - - [05/Jun/2024 23:06:05] "POST /predict HTTP/1.1" 200 -]
[2024-06-05 23:07:20,812: INFO: stage_03_model_training: *******************]
[2024-06-05 23:07:20,812: INFO: stage_03_model_training: >>>>>> stage Training started <<<<<<]
[2024-06-05 23:07:20,812: INFO: common: yaml file: config\config.yaml loaded successfully]
[2024-06-05 23:07:20,828: INFO: common: yaml file: params.yaml loaded successfully]
[2024-06-05 23:07:20,829: INFO: common: created directory at: artifacts]
[2024-06-05 23:07:20,830: INFO: common: created directory at: artifacts\training]
[2024-06-05 23:34:16,514: INFO: stage_03_model_training: >>>>>> stage Training completed <<<<<<

x==========x]
[2024-06-06 19:37:41,138: INFO: stage_03_model_training: *******************]
[2024-06-06 19:37:41,149: INFO: stage_03_model_training: >>>>>> stage Training started <<<<<<]
[2024-06-06 19:37:41,158: INFO: common: yaml file: config\config.yaml loaded successfully]
[2024-06-06 19:37:41,165: INFO: common: yaml file: params.yaml loaded successfully]
[2024-06-06 19:37:41,167: INFO: common: created directory at: artifacts]
[2024-06-06 19:37:41,168: INFO: common: created directory at: artifacts\training]
[2024-06-06 20:30:14,509: INFO: stage_03_model_training: >>>>>> stage Training completed <<<<<<

x==========x]
[2024-06-06 20:30:41,194: INFO: stage_04_model_eveluation_mlflow: *******************]
[2024-06-06 20:30:41,204: INFO: stage_04_model_eveluation_mlflow: >>>>>> stage Evaluation stage started <<<<<<]
[2024-06-06 20:30:41,204: INFO: common: yaml file: config\config.yaml loaded successfully]
[2024-06-06 20:30:41,204: INFO: common: yaml file: params.yaml loaded successfully]
[2024-06-06 20:30:41,214: INFO: common: created directory at: artifacts]
[2024-06-06 20:35:53,348: INFO: common: json file saved at: scores.json]
[2024-06-06 20:35:53,348: INFO: common: json file saved at: scores.json]
[2024-06-06 20:35:53,352: INFO: stage_04_model_eveluation_mlflow: Logging the model on the MLflow]
[2024-06-06 20:35:58,591: WARNING: save: Found untraced functions such as _jit_compiled_convolution_op, _jit_compiled_convolution_op, _jit_compiled_convolution_op, _jit_compiled_convolution_op, _jit_compiled_convolution_op while saving (showing 5 of 14). These functions will not be directly callable after loading.]
[2024-06-06 20:36:00,487: INFO: builder_impl: Assets written to: C:\Users\shree\AppData\Local\Temp\tmppb719pss\model\data\model\assets]
[2024-06-06 20:36:26,444: INFO: stage_04_model_eveluation_mlflow: >>>>>> stage Evaluation stage completed <<<<<<

x==========x]
